C51 COMPILER V9.57.0.0   MAIN                                                              04/28/2021 20:58:27 PAGE 1   


C51 COMPILER V9.57.0.0, COMPILATION OF MODULE MAIN
OBJECT MODULE PLACED IN .\Out_File\main.obj
COMPILER INVOKED BY: E:\keil5\anzhuang\C51\BIN\C51.EXE ..\USER\src\main.c LARGE OMF2 OPTIMIZE(8,SPEED) BROWSE INCDIR(..\
                    -..\Libraries\libraries;..\..\Libraries\seekfree_libraries;..\..\Libraries\seekfree_peripheral;..\USER\inc;..\USER\src;..
                    -\CODE;.\HARDWORE\Data;.\HARDWORE\DianGan;.\HARDWORE\FusionAngle;.\HARDWORE\BianMaQi;.\HARDWORE\ShangWeiJi;.\HARDWORE;.\H
                    -ARDWORE\Balance;.\KaErMan) DEBUG PRINT(.\Out_File\main.lst) TABS(2) OBJECT(.\Out_File\main.obj)

line level    source

   1          /*********************************************************************************************************
             -************
   2           * COPYRIGHT NOTICE
   3           * Copyright (c) 2020,逐飞科技
   4           * All rights reserved.
   5           * 技术讨论QQ群：一群：179029047(已满)  二群：244861897(已满)  三群：824575535
   6           *
   7           * 以下所有内容版权均属逐飞科技所有，未经允许不得用于商业用途，
   8           * 欢迎各位使用并传播本程序，修改内容时必须保留逐飞科技的版权声明。
   9           *
  10           * @file          main
  11           * @company       成都逐飞科技有限公司
  12           * @author        逐飞科技(QQ790875685)
  13           * @version       查看doc内version文件 版本说明
  14           * @Software    MDK FOR C51 V9.60
  15           * @Target core   STC8H8K64S4
  16           * @Taobao      https://seekfree.taobao.com/
  17           * @date          2020-06-01
  18           *********************************************************************************************************
             -***********/
  19          
  20          #include "headfile.h"
  21          #include "oled.h"
  22          float dueeprom(unsigned int addr);
  23          
  24          float a1 = 1,b1 = 2,c1 = 3,d1 = 4,e1 = 5,f1 = 6,g1 = 7,h1 = 8,i1 = 9,j1 = 10;
  25          //board.h文件中FOSC的值设置为0,则程序自动识别系统频率
  26          
  27          /*board.h文件中FOSC的值设置不为0，则系统频率为FOSC的值，
  28          在使用stc-isp工具下载程序的时候需要将IRC频率设置为FOSC的值*/
  29          
  30          /*在board_init中,已经将P54引脚设置为复位
  31          如果需要使用P54引脚,可以在board.c文件中的board_init()函数中删除SET_P54_RESRT即可*/
  32          
  33          void main()
  34          {
  35   1        char ab;
  36   1        DisableGlobalIRQ(); //关闭总中断
  37   1        board_init();   //里面有串口一得初始化
  38   1        pwm_init(PWM7_P22,10000,5000);        //两路PWM初始化，电机
  39   1        pwm_init(PWM4N_P27,100,1330);         //舵机//中值1150
  40   1        simiic_init();  //软件IIC
  41   1        icm20602_init_simiic(); //IIC20602
  42   1        adc_init(ADC_P10,ADC_SYSclk_DIV_4);     //两路ADC，用于采集电感值
  43   1        adc_init(ADC_P15,ADC_SYSclk_DIV_4);     //始终SYM/4
  44   1        adc_init(ADC_P11,ADC_SYSclk_DIV_4);
  45   1        adc_init(ADC_P14,ADC_SYSclk_DIV_4);
  46   1      /**
  47   1        舵机100hz，中值为1250
  48   1        数值减小右转，增大左转
  49   1      */
  50   1        ctimer_count_init(CTIM3_P04);         //用于编码器的读取
C51 COMPILER V9.57.0.0   MAIN                                                              04/28/2021 20:58:27 PAGE 2   

  51   1        pit_timer_ms(TIM_0,2);              //定时器中断2ms
  52   1        iap_init();     //初始化EEPROM
  53   1        oled_init();
  54   1        iap_read_bytes(0x49,&ab,1);
  55   1        if(ab == '1')
  56   1        {
  57   2          AngleOffset=dueeprom(0x00);
  58   2          AngleControl_D=dueeprom(0x04);
  59   2          AngleControl_P=dueeprom(0x08);
  60   2          ANgleControl_I=dueeprom(0x0c);
  61   2          
  62   2          Direction_I=dueeprom(0x10);
  63   2          Direction_P=dueeprom(0x14);
  64   2          Direction_D=dueeprom(0x18);
  65   2      
  66   2          SpeedOffset=dueeprom(0x1c);
  67   2          SpeedControl_P=dueeprom(0x20);
  68   2          SpeedControl_I=dueeprom(0x24);
  69   2          turn_xianfu=dueeprom(0x28);
  70   2          gy_p = dueeprom(0x32);
  71   2          gy_d = dueeprom(0x36);
  72   2          oled_p6x8str(0,6,"du");
  73   2        }
  74   1        if(ab != '1')
  75   1        {
  76   2          writedata();
  77   2          iap_write_bytes(0x49,"1",1);
  78   2          oled_p6x8str(0,5,"write 1");
  79   2        }
  80   1        EnableGlobalIRQ();  //开启总中断
  81   1          while(1)
  82   1        {
  83   2          TingChe();//停车检测  
  84   2          if(P16 == 0)//菜单入口
  85   2          {
  86   3            DisableGlobalIRQ(); //关闭总中断
  87   3              while(P16 == 0){
  88   4                caidan();
  89   4            }
  90   3                EnableGlobalIRQ();
  91   3          }
  92   2          test_c();   //上位机
  93   2          }
  94   1      }
  95          
  96          
  97          float dueeprom(unsigned int addr)
  98          {
  99   1        float temp;
 100   1        char buf[4];
 101   1        iap_read_bytes(addr,buf,4);
 102   1        temp =*(float*)buf;
 103   1        return temp;
 104   1      }


MODULE INFORMATION:   STATIC OVERLAYABLE
   CODE SIZE        =    428    ----
   CONSTANT SIZE    =     13    ----
   XDATA SIZE       =     40       5
   PDATA SIZE       =   ----    ----
   DATA SIZE        =   ----    ----
C51 COMPILER V9.57.0.0   MAIN                                                              04/28/2021 20:58:27 PAGE 3   

   IDATA SIZE       =   ----    ----
   BIT SIZE         =   ----    ----
   EDATA SIZE       =   ----    ----
   HDATA SIZE       =   ----    ----
   XDATA CONST SIZE =   ----    ----
   FAR CONST SIZE   =   ----    ----
END OF MODULE INFORMATION.


C51 COMPILATION COMPLETE.  0 WARNING(S),  0 ERROR(S)
