C51 COMPILER V9.57.0.0   OLED                                                              04/28/2021 20:58:27 PAGE 1   


C51 COMPILER V9.57.0.0, COMPILATION OF MODULE OLED
OBJECT MODULE PLACED IN .\Out_File\OLED.obj
COMPILER INVOKED BY: E:\keil5\anzhuang\C51\BIN\C51.EXE OLED.c LARGE OMF2 OPTIMIZE(8,SPEED) BROWSE INCDIR(..\..\Libraries
                    -\libraries;..\..\Libraries\seekfree_libraries;..\..\Libraries\seekfree_peripheral;..\USER\inc;..\USER\src;..\CODE;.\HARD
                    -WORE\Data;.\HARDWORE\DianGan;.\HARDWORE\FusionAngle;.\HARDWORE\BianMaQi;.\HARDWORE\ShangWeiJi;.\HARDWORE;.\HARDWORE\Bala
                    -nce;.\KaErMan) DEBUG PRINT(.\Out_File\OLED.lst) TABS(2) OBJECT(.\Out_File\OLED.obj)

line level    source

   1          #include "headfile.h"
   2          #include "OLED.h"
   3          
   4          
   5            
   6          //balance gyrooffset
   7          //turn turn p
   8          //speed speed set
   9          int value = 1;
  10          
  11          struct xulie{
  12            
  13            char bianhao1;
  14            char up;
  15            char down;
  16            char left;
  17            char right;
  18            void (*fun)();
  19          };
  20          
  21          
  22          void delay(int i)
  23          {
  24   1        while(i--);
  25   1      } 
  26          
  27          void balance()//显示  balance o   /   turn   /    speed
  28          {
  29   1        
  30   1        oled_p6x8str(0,0,"balance  o");//显示字符串
  31   1        oled_p6x8str(0,1,"turn");
  32   1        oled_p6x8str(0,2,"speed");
  33   1        oled_p6x8str(0,3,"gyro");
  34   1      //  oled_uint16(uint8 x, uint8 y, uint16 num);//显示 数字最高到94
  35   1      }
  36          
  37          void turn()//显示  balance    /   turn  o /    speed
  38          {
  39   1        oled_p6x8str(0,0,"balance");//显示字符串
  40   1        oled_p6x8str(0,1,"turn     o");
  41   1        oled_p6x8str(0,2,"speed");
  42   1        oled_p6x8str(0,3,"gyro");
  43   1      }
  44          
  45          void speed()//显示  balance    /   turn   /    speed o
  46          {
  47   1        oled_p6x8str(0,0,"balance");//显示字符串
  48   1        oled_p6x8str(0,1,"turn");
  49   1        oled_p6x8str(0,2,"speed    o");
  50   1        oled_p6x8str(0,3,"gyro");
  51   1      }
  52          
C51 COMPILER V9.57.0.0   OLED                                                              04/28/2021 20:58:27 PAGE 2   

  53          
  54          void gyro(){
  55   1        oled_p6x8str(0,0,"balance");//显示字符串
  56   1        oled_p6x8str(0,1,"turn");
  57   1        oled_p6x8str(0,2,"speed");
  58   1        oled_p6x8str(0,3,"gyro   o");
  59   1      }
  60          
  61          void gyro_p(){
  62   1        oled_p6x8str(0,0,"gyro_p  o");
  63   1        oled_p6x8str(0,1,"gyro_d");
  64   1      }
  65          
  66          void gyro_d(){
  67   1        oled_p6x8str(0,0,"gyro_p");
  68   1        oled_p6x8str(0,1,"gyro_d   o");
  69   1      }
  70          
  71          
  72          void balance_a()
  73          {
  74   1        oled_p6x8str(0,0,"angle offset  o");//显示字符串
  75   1        oled_p6x8str(0,1,"balance_d");
  76   1        oled_p6x8str(0,2,"balance_p"); 
  77   1        oled_p6x8str(0,3,"balance_i"); 
  78   1      }
  79          
  80          void balance_g()
  81          {
  82   1        oled_p6x8str(0,0,"angle offset");//显示字符串
  83   1        oled_p6x8str(0,1,"balance_d    o");
  84   1        oled_p6x8str(0,2,"balance_p"); 
  85   1        oled_p6x8str(0,3,"balance_i"); 
  86   1      }
  87          
  88          void balance_p()
  89          {
  90   1        oled_p6x8str(0,0,"angle offset");//显示字符串
  91   1        oled_p6x8str(0,1,"balance_d");
  92   1        oled_p6x8str(0,2,"balance_p     o"); 
  93   1        oled_p6x8str(0,3,"balance_i"); 
  94   1      }
  95          
  96          void balance_i()
  97          {
  98   1        oled_p6x8str(0,0,"angle offset");//显示字符串
  99   1        oled_p6x8str(0,1,"balance_d");
 100   1        oled_p6x8str(0,2,"balance_p"); 
 101   1        oled_p6x8str(0,3,"balance_i     o");  
 102   1      }
 103          
 104          
 105          void turn_off()
 106          {
 107   1        oled_p6x8str(0,0,"turn_i        o");//显示字符串
 108   1        oled_p6x8str(0,1,"turn_p");
 109   1        oled_p6x8str(0,2,"turn_d"); 
 110   1        oled_p6x8str(0,3,"tu_xianfu"); 
 111   1      }
 112          
 113          void turn_p()
 114          {
C51 COMPILER V9.57.0.0   OLED                                                              04/28/2021 20:58:27 PAGE 3   

 115   1        oled_p6x8str(0,0,"turn_i");//显示字符串
 116   1        oled_p6x8str(0,1,"turn_p        o");
 117   1        oled_p6x8str(0,2,"turn_d"); 
 118   1        oled_p6x8str(0,3,"tu_xianfu"); 
 119   1      }
 120          
 121          void turn_d()
 122          {
 123   1        oled_p6x8str(0,0,"turn_i");//显示字符串
 124   1        oled_p6x8str(0,1,"turn_p");
 125   1        oled_p6x8str(0,2,"turn_d        o"); 
 126   1        oled_p6x8str(0,3,"tu_xianfu"); 
 127   1      }
 128          
 129          void xianfu(){
 130   1        oled_p6x8str(0,0,"turn_i");//显示字符串
 131   1        oled_p6x8str(0,1,"turn_p");
 132   1        oled_p6x8str(0,2,"turn_d"); 
 133   1        oled_p6x8str(0,3,"tu_xianfu     o");
 134   1      
 135   1      
 136   1      }
 137          
 138          
 139          
 140          void speed_set()
 141          {
 142   1        oled_p6x8str(0,0,"speed set   o");//显示字符串
 143   1        oled_p6x8str(0,1,"speed_p");
 144   1        oled_p6x8str(0,2,"speed_i"); 
 145   1      } 
 146          
 147          void speed_p()
 148          {
 149   1        oled_p6x8str(0,0,"speed set");//显示字符串
 150   1        oled_p6x8str(0,1,"speed_p     o");
 151   1        oled_p6x8str(0,2,"speed_i"); 
 152   1      }
 153          
 154          void speed_i()
 155          {
 156   1        oled_p6x8str(0,0,"speed set");//显示字符串
 157   1        oled_p6x8str(0,1,"speed_p");
 158   1        oled_p6x8str(0,2,"speed_i     o"); 
 159   1      }
 160          
 161          
 162          
 163          
 164          
 165          void fun1()
 166          {
 167   1        oled_fill(0x00);//清屏
 168   1        oled_printf_float(0,0,angle_offset,5,4);
 169   1        while(1)
 170   1        {
 171   2          if( (shang == 0)||(xia == 0)||(zuo == 0)||(you == 0) )
 172   2          {
 173   3            delay(1000);
 174   3            if(shang == 0) 
 175   3            {
 176   4              angle_offset += 0.1;
C51 COMPILER V9.57.0.0   OLED                                                              04/28/2021 20:58:27 PAGE 4   

 177   4            }
 178   3            if(xia == 0)
 179   3            {
 180   4              angle_offset -= 0.1;
 181   4            }
 182   3            if(you == 0)
 183   3            {
 184   4              angle_offset += 0.01;
 185   4            }
 186   3            if(zuo == 0)
 187   3            {
 188   4              while(zuo == 0);
 189   4              break;
 190   4            }
 191   3          }
 192   2          oled_printf_float(0,0,angle_offset,5,4);
 193   2          delay(65535);delay(65535);
 194   2        }
 195   1        writedata();
 196   1        value = 4;
 197   1        balance_a();
 198   1      }
 199          
 200          
 201          
 202          
 203          void fun2()
 204          {
 205   1        oled_fill(0x00);
 206   1        oled_printf_float(0,0,AngleControl_D,5,4);
 207   1        
 208   1        while(1)
 209   1        {
 210   2        
 211   2          if( (shang == 0)||(xia == 0)||(zuo == 0)||(you == 0) )
 212   2          {
 213   3            delay(1000);
 214   3            if(shang == 0) 
 215   3            {
 216   4              AngleControl_D += 0.1;
 217   4            }
 218   3            if(xia == 0)
 219   3            {
 220   4              AngleControl_D -= 0.01;
 221   4            }
 222   3            if(you == 0)
 223   3            {
 224   4              AngleControl_D += 0.001;
 225   4            }
 226   3            if(zuo == 0)
 227   3            {
 228   4              while(zuo == 0);
 229   4              break;
 230   4            }
 231   3            
 232   3          }
 233   2          oled_printf_float(0,0,AngleControl_D,5,4);
 234   2          delay(65535);delay(65535);
 235   2          
 236   2        }
 237   1        
 238   1        writedata();
C51 COMPILER V9.57.0.0   OLED                                                              04/28/2021 20:58:27 PAGE 5   

 239   1        
 240   1        value = 4;
 241   1        balance_a();
 242   1      }
 243          
 244          void fun3()
 245          {
 246   1        oled_fill(0x00);
 247   1        oled_printf_float(0,0,bal_p,5,4);
 248   1        
 249   1        while(1)
 250   1        {
 251   2        
 252   2          if( (shang == 0)||(xia == 0)||(zuo == 0)||(you == 0) )
 253   2          {
 254   3            delay(1000);
 255   3            if(shang == 0) 
 256   3            {
 257   4              bal_p += 0.1;
 258   4            }
 259   3            if(xia == 0)
 260   3            {
 261   4              bal_p -= 0.1;
 262   4            }
 263   3            if(you == 0)
 264   3            {
 265   4              bal_p += 0.01;
 266   4            }
 267   3            if(zuo == 0)
 268   3            {
 269   4              while(zuo == 0);
 270   4              break;
 271   4            }
 272   3          }
 273   2          oled_printf_float(0,0,bal_p,5,4);
 274   2          delay(65535);delay(65535);
 275   2        }
 276   1        
 277   1          writedata();
 278   1        
 279   1        value = 4;
 280   1        balance_a();
 281   1      }
 282          
 283          void fun4()
 284          {
 285   1        oled_fill(0x00);
 286   1        oled_printf_float(0,0,bal_i,5,4);
 287   1        
 288   1        while(1)
 289   1        {
 290   2        
 291   2          if( (shang == 0)||(xia == 0)||(zuo == 0)||(you == 0) )
 292   2          {
 293   3            delay(1000);
 294   3            if(shang == 0) 
 295   3            {
 296   4              bal_i += 0.01;
 297   4            }
 298   3            if(xia == 0)
 299   3            {
 300   4              bal_i -= 0.01;
C51 COMPILER V9.57.0.0   OLED                                                              04/28/2021 20:58:27 PAGE 6   

 301   4            }
 302   3            if(you == 0)
 303   3            {
 304   4              bal_i += 0.001;
 305   4            }
 306   3            if(zuo == 0)
 307   3            {
 308   4              while(zuo == 0);
 309   4              break;
 310   4            }
 311   3            
 312   3          }
 313   2          oled_printf_float(0,0,bal_i,5,4);
 314   2          delay(65535);
 315   2          delay(65535);
 316   2        }
 317   1        
 318   1          writedata();
 319   1        
 320   1        value = 4;
 321   1        balance_a();
 322   1      }
 323          
 324          void fun5()
 325          {
 326   1        oled_fill(0x00);
 327   1        oled_printf_float(0,0,tu_i,5,4);
 328   1        
 329   1        while(1)
 330   1        {
 331   2        
 332   2          if( (shang == 0)||(xia == 0)||(zuo == 0)||(you == 0) )
 333   2          {
 334   3            delay(1000);
 335   3            if(shang == 0) 
 336   3            {
 337   4              tu_i += 0.1;
 338   4            }
 339   3            if(xia == 0)
 340   3            {
 341   4              tu_i -= 0.1;
 342   4            }
 343   3            if(you == 0)
 344   3            {
 345   4              tu_i += 0.01;
 346   4            }
 347   3            if(zuo == 0)
 348   3            {
 349   4              while(zuo == 0);
 350   4              break;
 351   4            }
 352   3            oled_printf_float(0,0,tu_i,5,4);
 353   3            delay(65535);delay(65535);
 354   3          }
 355   2          
 356   2        }
 357   1        
 358   1        value = 8;
 359   1        turn_off();
 360   1      }
 361          
 362          void fun6()
C51 COMPILER V9.57.0.0   OLED                                                              04/28/2021 20:58:27 PAGE 7   

 363          {
 364   1        oled_fill(0x00);
 365   1        oled_printf_float(0,0,tu_p,5,4);
 366   1        
 367   1        while(1)
 368   1        {
 369   2        
 370   2          if( (shang == 0)||(xia == 0)||(zuo == 0)||(you == 0) )
 371   2          {
 372   3            delay(1000);
 373   3            if(shang == 0) 
 374   3            {
 375   4              tu_p += 0.1;
 376   4            }
 377   3            if(xia == 0)
 378   3            {
 379   4              tu_p -= 0.1;
 380   4            }
 381   3            if(you == 0)
 382   3            {
 383   4              tu_p += 0.01;
 384   4            }
 385   3            if(zuo == 0)
 386   3            {
 387   4              while(zuo == 0);
 388   4              break;
 389   4            }
 390   3            oled_printf_float(0,0,tu_p,5,4);
 391   3            delay(65535);delay(65535);
 392   3          }
 393   2          
 394   2        }
 395   1        
 396   1          writedata();
 397   1        
 398   1        value = 8;
 399   1        turn_off();
 400   1      }
 401          
 402          void fun7()
 403          {
 404   1        oled_fill(0x00);
 405   1        oled_printf_float(0,0,tu_d,5,4);
 406   1        
 407   1        while(1)
 408   1        {
 409   2        
 410   2          if( (shang == 0)||(xia == 0)||(zuo == 0)||(you == 0) )
 411   2          {
 412   3            delay(1000);
 413   3            if(shang == 0) 
 414   3            {
 415   4              tu_d += 0.1;
 416   4            }
 417   3            if(xia == 0)
 418   3            {
 419   4              tu_d -= 0.01;
 420   4            }
 421   3            if(you == 0)
 422   3            {
 423   4              tu_d += 0.001;
 424   4            }
C51 COMPILER V9.57.0.0   OLED                                                              04/28/2021 20:58:27 PAGE 8   

 425   3            if(zuo == 0)
 426   3            {
 427   4              while(zuo == 0);
 428   4              break;
 429   4            }
 430   3            
 431   3          }
 432   2          oled_printf_float(0,0,tu_d,5,4);
 433   2            delay(65535);delay(65535);
 434   2        }
 435   1        
 436   1          writedata();
 437   1        
 438   1        value = 8;
 439   1        turn_off();
 440   1      }
 441          
 442          void fun8()
 443          {
 444   1        oled_fill(0x00);
 445   1        oled_printf_float(0,0,spe_set,5,4);
 446   1        
 447   1        while(1)
 448   1        {
 449   2        
 450   2          if( (shang == 0)||(xia == 0)||(zuo == 0)||(you == 0) )
 451   2          {
 452   3            delay(1000);
 453   3            if(shang == 0) 
 454   3            {
 455   4              spe_set += 1;
 456   4            }
 457   3            if(xia == 0)
 458   3            {
 459   4              spe_set -= 1;
 460   4            }
 461   3            if(you == 0)
 462   3            {
 463   4              spe_set += 10;
 464   4            }
 465   3            if(zuo == 0)
 466   3            {
 467   4              while(zuo == 0);
 468   4              break;
 469   4            }
 470   3          }
 471   2          oled_printf_float(0,0,spe_set,5,4);
 472   2          delay(65535);delay(65535);
 473   2        }
 474   1        
 475   1          writedata();
 476   1        
 477   1        value = 11;
 478   1        speed_set();
 479   1      }
 480          
 481          void fun9()
 482          {
 483   1        oled_fill(0x00);
 484   1        oled_printf_float(0,0,spe_p,5,4);
 485   1        
 486   1        while(1)
C51 COMPILER V9.57.0.0   OLED                                                              04/28/2021 20:58:27 PAGE 9   

 487   1        {
 488   2        
 489   2          if( (shang == 0)||(xia == 0)||(zuo == 0)||(you == 0) )
 490   2          {
 491   3            delay(1000);
 492   3            if(shang == 0) 
 493   3            {
 494   4              spe_p += 0.1;
 495   4            }
 496   3            if(xia == 0)
 497   3            {
 498   4              spe_p -= 0.1;
 499   4            }
 500   3            if(you == 0)
 501   3            {
 502   4              spe_p += 0.01;
 503   4            }
 504   3            if(zuo == 0)
 505   3            {
 506   4              while(zuo == 0);
 507   4              break;
 508   4            }
 509   3          }
 510   2          oled_printf_float(0,0,spe_p,5,4);
 511   2          delay(65535);delay(65535);
 512   2        }
 513   1        
 514   1          writedata();
 515   1        
 516   1        value = 11;
 517   1        speed_set();
 518   1      }
 519          
 520          void fun10()
 521          {
 522   1        oled_fill(0x00);
 523   1        oled_printf_float(0,0,spe_i,5,4);
 524   1        
 525   1        while(1)
 526   1        {
 527   2        
 528   2          if( (shang == 0)||(xia == 0)||(zuo == 0)||(you == 0) )
 529   2          {
 530   3            delay(1000);
 531   3            if(shang == 0) 
 532   3            {
 533   4              spe_i += 0.1;
 534   4            }
 535   3            if(xia == 0)
 536   3            {
 537   4              spe_i -= 0.1;
 538   4            }
 539   3            if(you == 0)
 540   3            {
 541   4              spe_i += 0.01;
 542   4            }
 543   3            if(zuo == 0)
 544   3            {
 545   4              while(zuo == 0);
 546   4              break;
 547   4            }
 548   3          }
C51 COMPILER V9.57.0.0   OLED                                                              04/28/2021 20:58:27 PAGE 10  

 549   2          oled_printf_float(0,0,spe_i,5,4);
 550   2          delay(65535);delay(65535);
 551   2        }
 552   1        
 553   1          writedata();
 554   1        
 555   1        value = 11;
 556   1        speed_set();
 557   1      }
 558          
 559          void fun11()
 560          {
 561   1        oled_fill(0x00);
 562   1        oled_printf_float(0,0,tu_xianfu,5,4);
 563   1        
 564   1        while(1)
 565   1        {
 566   2        
 567   2          if( (shang == 0)||(xia == 0)||(zuo == 0)||(you == 0) )
 568   2          {
 569   3            delay(1000);
 570   3            if(shang == 0) 
 571   3            {
 572   4              tu_xianfu += 0.1;
 573   4            }
 574   3            if(xia == 0)
 575   3            {
 576   4              tu_xianfu -= 0.1;
 577   4            }
 578   3            if(you == 0)
 579   3            {
 580   4              tu_xianfu += 0.01;
 581   4            }
 582   3            if(zuo == 0)
 583   3            {
 584   4              while(zuo == 0);
 585   4              break;
 586   4            }
 587   3          }
 588   2          oled_printf_float(0,0,tu_xianfu,5,4);
 589   2          delay(65535);delay(65535);
 590   2        }
 591   1        
 592   1          writedata();
 593   1        
 594   1        value = 8;
 595   1        turn_off();
 596   1      }
 597          
 598          void fun12(){
 599   1        oled_fill(0x00);
 600   1        oled_printf_float(0,0,gy_p,5,4);
 601   1        
 602   1        while(1)
 603   1        {
 604   2        
 605   2          if( (shang == 0)||(xia == 0)||(zuo == 0)||(you == 0) )
 606   2          {
 607   3            delay(1000);
 608   3            if(shang == 0) 
 609   3            {
 610   4              gy_p += 0.1;
C51 COMPILER V9.57.0.0   OLED                                                              04/28/2021 20:58:27 PAGE 11  

 611   4            }
 612   3            if(xia == 0)
 613   3            {
 614   4              gy_p -= 0.1;
 615   4            }
 616   3            if(you == 0)
 617   3            {
 618   4              gy_p += 0.01;
 619   4            }
 620   3            if(zuo == 0)
 621   3            {
 622   4              while(zuo == 0);
 623   4              break;
 624   4            }
 625   3          }
 626   2          oled_printf_float(0,0,gy_p,5,4);
 627   2          delay(65535);delay(65535);
 628   2        }
 629   1        
 630   1          writedata();
 631   1        
 632   1        value = 27;
 633   1        gyro_p();
 634   1      }
 635          
 636          void fun13(){
 637   1        oled_fill(0x00);
 638   1        oled_printf_float(0,0,gy_d,5,4);
 639   1        
 640   1        while(1)
 641   1        {
 642   2        
 643   2          if( (shang == 0)||(xia == 0)||(zuo == 0)||(you == 0) )
 644   2          {
 645   3            delay(1000);
 646   3            if(shang == 0) 
 647   3            {
 648   4              gy_d += 0.1;
 649   4            }
 650   3            if(xia == 0)
 651   3            {
 652   4              gy_d -= 0.1;
 653   4            }
 654   3            if(you == 0)
 655   3            {
 656   4              gy_d += 0.01;
 657   4            }
 658   3            if(zuo == 0)
 659   3            {
 660   4              while(zuo == 0);
 661   4              break;
 662   4            }
 663   3          }
 664   2          oled_printf_float(0,0,gy_d,5,4);
 665   2          delay(65535);delay(65535);
 666   2        }
 667   1        
 668   1          writedata();
 669   1        
 670   1        value = 28;
 671   1        gyro_d();
 672   1      }
C51 COMPILER V9.57.0.0   OLED                                                              04/28/2021 20:58:27 PAGE 12  

 673          struct xulie menu[]  = { 
 674                                   {0,0,0,0,0,0},
 675                                   {1,26,2,1,4,&balance},            //balance            0
 676                                   {2,1,3,2,8,&turn},                //turn               1
 677                                   {3,2,26,3,11,&speed},               // speed             2
 678                       
 679                                   {4,7,5,1,14,&balance_a},          //angle offset     3 
 680                                   {5,4,6,1,15,&balance_g},           //gyro offset      4 
 681                                   {6,5,7,1,16,&balance_p},          //参数 p           5
 682                                   {7,6,4,1,17,&balance_i},          //参数 i           6
 683                                  
 684                                   {8,25,9,2,18,&turn_off},            //duoji offset       7
 685                                   {9,8,10,2,19,&turn_p},              //参数 p             8
 686                                   {10,9,25,2,20,&turn_d},             //参数 d             9
 687                                  
 688                                   {11,13,12,3,21,&speed_set},       //speed set       10
 689                                   {12,11,13,3,22,&speed_p},         //参数 p          11
 690                                   {13,12,11,3,23,&speed_i},         //参数 i          12 
 691                                   
 692                                   {14,0,0,0,0,&fun1},//直立相关参数调节
 693                                   {15,0,0,0,0,&fun2},
 694                                   {16,0,0,0,0,&fun3},  
 695                                   {17,0,0,0,0,&fun4},
 696                                   
 697                                   {18,0,0,0,0,&fun5},//转向相关参数调节
 698                                   {19,0,0,0,0,&fun6},
 699                                   {20,0,0,0,0,&fun7},
 700                                   
 701                                   {21,0,0,0,0,&fun8},//速度相关参数调节
 702                                   {22,0,0,0,0,&fun9},
 703                                   {23,0,0,0,0,&fun10},
 704                                   {24,0,0,0,0,&fun11},
 705                                   {25,10,8,3,24,&xianfu},
 706                                   
 707                                   
 708                                   {26,3,1,26,27,&gyro},//gyro角速度调节相关
 709                                   {27,28,28,26,29,&gyro_p},
 710                                   {28,27,27,26,30,&gyro_d},
 711                                   {29,0,0,0,0,&fun12},
 712                                   {30,0,0,0,0,&fun13},
 713                                                                                      };
 714                                                                                                          
 715          
 716          
 717          
 718          
 719          void caidan()
 720          {
 721   1        void (*p)();// = menu[1].fun;
 722   1        if( (shang == 0)||(xia == 0)||(zuo == 0)||(you == 0))
 723   1        {
 724   2          delay(1000);
 725   2          if(shang == 0) 
 726   2          {
 727   3            value = menu[value].up;
 728   3            while(!shang);
 729   3          }
 730   2          if(xia == 0)
 731   2          {
 732   3            value = menu[value].down;
 733   3            while(!xia);
 734   3          }
C51 COMPILER V9.57.0.0   OLED                                                              04/28/2021 20:58:27 PAGE 13  

 735   2          if(zuo == 0)
 736   2          {
 737   3            value = menu[value].left;
 738   3            while(!zuo);
 739   3          }
 740   2          if(you == 0)
 741   2          {
 742   3            value = menu[value].right;
 743   3            while(!you);
 744   3          }
 745   2        
 746   2          oled_fill(0x00);
 747   2          p=menu[value].fun;
 748   2          (*p)();
 749   2        }
 750   1      }
 751          
 752          
 753          void writedata()
 754          {
 755   1        iap_erase_page(0x50);
 756   1        iap_write_bytes(0x00,(char*)&angle_offset,4);
 757   1        iap_write_bytes(0x04,(char*)&AngleControl_D,4);
 758   1        iap_write_bytes(0x08,(char*)&bal_p,4);
 759   1        iap_write_bytes(0x0c,(char*)&bal_i,4);
 760   1        iap_write_bytes(0x10,(char*)&tu_i,4);
 761   1        iap_write_bytes(0x14,(char*)&tu_p,4);
 762   1        iap_write_bytes(0x18,(char*)&tu_d,4);
 763   1        iap_write_bytes(0x1c,(char*)&spe_set,4);
 764   1        iap_write_bytes(0x20,(char*)&spe_p,4);
 765   1        iap_write_bytes(0x24,(char*)&spe_i,4);
 766   1        iap_write_bytes(0x28,(char*)&tu_xianfu,4);
 767   1        iap_write_bytes(0x32,(char*)&gy_p,4);
 768   1        iap_write_bytes(0x36,(char*)&gy_d,4);
 769   1        iap_write_bytes(0x49,"1",1);
 770   1        oled_p6x8str(0,7,"xie ru");
 771   1      }
 772          
 773          
 774          


MODULE INFORMATION:   STATIC OVERLAYABLE
   CODE SIZE        =   4328    ----
   CONSTANT SIZE    =    379    ----
   XDATA SIZE       =    250    ----
   PDATA SIZE       =   ----    ----
   DATA SIZE        =   ----    ----
   IDATA SIZE       =   ----    ----
   BIT SIZE         =   ----    ----
   EDATA SIZE       =   ----    ----
   HDATA SIZE       =   ----    ----
   XDATA CONST SIZE =   ----    ----
   FAR CONST SIZE   =   ----    ----
END OF MODULE INFORMATION.


C51 COMPILATION COMPLETE.  0 WARNING(S),  0 ERROR(S)
