C51 COMPILER V9.57.0.0   SEEKFREE_TSL1401                                                  04/28/2021 20:58:26 PAGE 1   


C51 COMPILER V9.57.0.0, COMPILATION OF MODULE SEEKFREE_TSL1401
OBJECT MODULE PLACED IN .\Out_File\SEEKFREE_TSL1401.obj
COMPILER INVOKED BY: E:\keil5\anzhuang\C51\BIN\C51.EXE ..\..\Libraries\seekfree_peripheral\SEEKFREE_TSL1401.c LARGE OMF2
                    - OPTIMIZE(8,SPEED) BROWSE INCDIR(..\..\Libraries\libraries;..\..\Libraries\seekfree_libraries;..\..\Libraries\seekfree_p
                    -eripheral;..\USER\inc;..\USER\src;..\CODE;.\HARDWORE\Data;.\HARDWORE\DianGan;.\HARDWORE\FusionAngle;.\HARDWORE\BianMaQi;
                    -.\HARDWORE\ShangWeiJi;.\HARDWORE;.\HARDWORE\Balance;.\KaErMan) DEBUG PRINT(.\Out_File\SEEKFREE_TSL1401.lst) TABS(2) OBJE
                    -CT(.\Out_File\SEEKFREE_TSL1401.obj)

line level    source

   1          /*********************************************************************************************************
             -************
   2           * COPYRIGHT NOTICE
   3           * Copyright (c) 2016,é€é£ç§‘æŠ€
   4           * All rights reserved.
   5           * æŠ€æœ¯è®¨è®ºQQç¾¤ï¼š179029047
   6           *
   7           * ä»¥ä¸‹æ‰€æœ‰å†…å®¹ç‰ˆæƒå‡å±é€é£ç§‘æŠ€æ‰€æœ‰ï¼Œæœªç»å…è®¸ä¸å¾—ç”¨äºå•†ä¸šç”¨é€”ï¼Œ
   8           * æ¬¢è¿å„ä½ä½¿ç”¨å¹¶ä¼ æ’­æœ¬ç¨‹åºï¼Œä¿®æ”¹å†…å®¹æ—¶å¿…é¡»ä¿ç•™é€é£ç§‘æŠ€çš„ç‰ˆæƒå£°æ˜ã€‚
   9           *
  10           * @file          SEEKFREE_TSL1401.c
  11           * @brief         çº¢å­©å„¿(çº¿é˜µCCD)å‡½æ•°åº“
  12           * @company       æˆéƒ½é€é£ç§‘æŠ€æœ‰é™å…¬å¸
  13           * @author        Go For It(1325536866)
  14           * @version       v1.0
  15           * @Software    IAR 7.2 or MDK 5.17
  16           * @Target core   MK60DN512VLL10
  17           * @Taobao      https://seekfree.taobao.com/
  18           * @date          2016-02-25
  19           * @note  
  20                    TSL1401æ¥çº¿å®šä¹‰ï¼š
  21                    ------------------------------------ 
  22                        æ¨¡å—ç®¡è„š        å•ç‰‡æœºç®¡è„š
  23                        CCD_AO        æŸ¥çœ‹SEEKFREE_TSL1401.hæ–‡ä»¶ä¸­çš„AD_CHANNEL å®å®šä¹‰
  24                        CCD_CLK       æŸ¥çœ‹SEEKFREE_TSL1401.hæ–‡ä»¶ä¸­çš„CCD_CLK_PINå®å®šä¹‰
  25                        CCD_SI        æŸ¥çœ‹SEEKFREE_TSL1401.hæ–‡ä»¶ä¸­çš„CCD_SI_PIN å®å®šä¹‰
  26                    ------------------------------------ 
  27           *********************************************************************************************************
             -***********/
  28          
  29          
  30          
  31          #include "SEEKFREE_TSL1401.h"
  32          #include "zf_adc.h"
  33          #include "zf_uart.h"
  34          #include "board.h"
  35          
  36          
  37          vuint8 tsl1401_finish_flag;
  38          uint16 ccd_data[128];                           //CCDæ•°æ®
  39          //--------------------------------------------------------------------------------------------------------
             ------------
  40          //  @brief      TSL1401çº¿é˜µCCDåˆå§‹åŒ–
  41          //  @param      NULL
  42          //  @return     void
  43          //  @since      v1.0
  44          //  Sample usage:     
  45          //--------------------------------------------------------------------------------------------------------
             ------------
  46          void ccd_init(void)     
  47          {       
C51 COMPILER V9.57.0.0   SEEKFREE_TSL1401                                                  04/28/2021 20:58:26 PAGE 2   

  48   1          adc_init(AD_CHANNEL,0X01);      
  49   1        pit_timer_ms(TIM_4,10);
  50   1      }
  51          
  52          //--------------------------------------------------------------------------------------------------------
             ------------
  53          //  @brief      TSL1401çº¿é˜µCCDå›¾åƒå‘é€è‡³ä¸Šä½æœºæŸ¥çœ‹å›¾åƒ
  54          //  @param      uart_n      ä¸²å£å·
  55          //  @param      uart_n      çº¿æ€§CCDæ•°æ®æŒ‡é’ˆ
  56          //  @return     void      
  57          //  @since      v1.0
  58          //  Sample usage:       è°ƒç”¨è¯¥å‡½æ•°å‰è¯·å…ˆåˆå§‹åŒ–ä¸²å£
  59          //--------------------------------------------------------------------------------------------------------
             ------------
  60          void ccd_send_data(UARTN_enum uart_n ,uint16 *dat)
  61          {
  62   1         uint8 i = 0;
  63   1         uart_putchar(uart_n,0x00); 
  64   1         uart_putchar(uart_n,0xff);
  65   1         uart_putchar(uart_n,0x01);
  66   1         uart_putchar(uart_n,0x00);
  67   1         
  68   1        for(i=0; i<128; i++)        
  69   1        {
  70   2          uart_putchar(uart_n, dat[i]>>8);   //å‘é€é«˜8ä½
  71   2          uart_putchar(uart_n, dat[i]&0XFF); //å‘é€é«˜ä½8ä½   
  72   2        }
  73   1      }
  74          
  75          
  76          //--------------------------------------------------------------------------------------------------------
             ------------
  77          //  @brief      TSL1401çº¿é˜µCCDæ•°æ®é‡‡é›†
  78          //  @param      NULL
  79          //  @return     void
  80          //  @since      v1.0
  81          //  Sample usage:       åœ¨isr.cé‡Œé¢å…ˆåˆ›å»ºå¯¹åº”çš„ä¸­æ–­å‡½æ•°ï¼Œç„¶åè°ƒç”¨è¯¥å‡½æ•°(ä¹‹ååˆ«å¿˜è®°æ
             -¸…é™¤ä¸­æ–­æ ‡å¿—ä½)
  82          //--------------------------------------------------------------------------------------------------------
             ------------
  83          void ccd_collect(void)
  84          {
  85   1          uint8 i = 0;
  86   1      
  87   1          CCD_CLK(1);
  88   1          CCD_SI(0);
  89   1        CCD_CLK(0);
  90   1          CCD_SI(1);
  91   1          CCD_CLK(1);
  92   1          CCD_SI(0);
  93   1        
  94   1          for(i=0;i<128;i++)
  95   1          {
  96   2          CCD_CLK(0);  
  97   2          ccd_data[i] = adc_once(AD_CHANNEL, AD_RESOLUTION); 
  98   2          CCD_CLK(1); 
  99   2          }
 100   1        tsl1401_finish_flag = 1;
 101   1      }


MODULE INFORMATION:   STATIC OVERLAYABLE
C51 COMPILER V9.57.0.0   SEEKFREE_TSL1401                                                  04/28/2021 20:58:26 PAGE 3   

   CODE SIZE        =    232    ----
   CONSTANT SIZE    =   ----    ----
   XDATA SIZE       =    257       6
   PDATA SIZE       =   ----    ----
   DATA SIZE        =   ----    ----
   IDATA SIZE       =   ----    ----
   BIT SIZE         =   ----    ----
   EDATA SIZE       =   ----    ----
   HDATA SIZE       =   ----    ----
   XDATA CONST SIZE =   ----    ----
   FAR CONST SIZE   =   ----    ----
END OF MODULE INFORMATION.


C51 COMPILATION COMPLETE.  0 WARNING(S),  0 ERROR(S)
