C51 COMPILER V9.57.0.0   SHANGWEIJI                                                        04/28/2021 20:58:27 PAGE 1   


C51 COMPILER V9.57.0.0, COMPILATION OF MODULE SHANGWEIJI
OBJECT MODULE PLACED IN .\Out_File\shangweiji.obj
COMPILER INVOKED BY: E:\keil5\anzhuang\C51\BIN\C51.EXE HARDWORE\ShangWeiJi\shangweiji.c LARGE OMF2 OPTIMIZE(8,SPEED) BRO
                    -WSE INCDIR(..\..\Libraries\libraries;..\..\Libraries\seekfree_libraries;..\..\Libraries\seekfree_peripheral;..\USER\inc;
                    -..\USER\src;..\CODE;.\HARDWORE\Data;.\HARDWORE\DianGan;.\HARDWORE\FusionAngle;.\HARDWORE\BianMaQi;.\HARDWORE\ShangWeiJi;
                    -.\HARDWORE;.\HARDWORE\Balance;.\KaErMan) DEBUG PRINT(.\Out_File\shangweiji.lst) TABS(2) OBJECT(.\Out_File\shangweiji.obj
                    -)

line level    source

   1          #include "shangweiji.h"
   2          extern float gyro_new;
   3          extern float jifen;
   4          extern uint16 ADOld[4];
   5          void test_c(void)
   6          {
   7   1          float test[6]={0};
   8   1          //mpu6050_get_accdata();
   9   1          //mpu6050_get_gyro();
  10   1          test[0]=GyroConOutput;
  11   1          test[1]=bianmaqi_p04;
  12   1          test[2]=icm_gyro_x;
  13   1          test[3]=icm_acc_z;
  14   1          test[4]=Angle_z;
  15   1          test[5]=Angle_z_before;
  16   1          vcan_sendware(UART_1, test,sizeof(test));
  17   1      //    pca_delay_ms(10);
  18   1          delay_ms(10);
  19   1      }
  20          
  21          
  22          void vcan_sendware(UARTN_enum uart_n, void *wareaddr, uint32 waresize)
  23          { 
  24   1          #define CMD_WARE 3
  25   1      
  26   1          uint8 cmdf[2] = {CMD_WARE, ~CMD_WARE};
  27   1      
  28   1          //串口调试使用的前命令
  29   1      
  30   1          uint8 cmdr[2] = {~CMD_WARE, CMD_WARE};
  31   1      
  32   1      
  33   1          uart_putbuff1(uart_n,cmdr,sizeof(cmdf)); //先发送前命令
  34   1          uart_putbuff1(uart_n,(uint8*)wareaddr, waresize); //发送数据
  35   1          uart_putbuff1(uart_n,cmdf, sizeof(cmdr));
  36   1      }
  37          
  38          
  39          void uart_putbuff1(UARTN_enum uart_n,uint8 *buff,uint16 len)
  40          {
  41   1        buff=buff+len-1;
  42   1        while(len--)
  43   1        {
  44   2          uart_putchar(uart_n,*buff);
  45   2          buff--;
  46   2        }
  47   1      }


MODULE INFORMATION:   STATIC OVERLAYABLE
   CODE SIZE        =    399    ----
C51 COMPILER V9.57.0.0   SHANGWEIJI                                                        04/28/2021 20:58:27 PAGE 2   

   CONSTANT SIZE    =     28    ----
   XDATA SIZE       =   ----      42
   PDATA SIZE       =   ----    ----
   DATA SIZE        =   ----    ----
   IDATA SIZE       =   ----    ----
   BIT SIZE         =   ----    ----
   EDATA SIZE       =   ----    ----
   HDATA SIZE       =   ----    ----
   XDATA CONST SIZE =   ----    ----
   FAR CONST SIZE   =   ----    ----
END OF MODULE INFORMATION.


C51 COMPILATION COMPLETE.  0 WARNING(S),  0 ERROR(S)
