C51 COMPILER V9.57.0.0   ZF_DELAY                                                          04/28/2021 20:58:25 PAGE 1   


C51 COMPILER V9.57.0.0, COMPILATION OF MODULE ZF_DELAY
OBJECT MODULE PLACED IN .\Out_File\zf_delay.obj
COMPILER INVOKED BY: E:\keil5\anzhuang\C51\BIN\C51.EXE ..\..\Libraries\seekfree_libraries\zf_delay.c LARGE OMF2 OPTIMIZE
                    -(8,SPEED) BROWSE INCDIR(..\..\Libraries\libraries;..\..\Libraries\seekfree_libraries;..\..\Libraries\seekfree_peripheral
                    -;..\USER\inc;..\USER\src;..\CODE;.\HARDWORE\Data;.\HARDWORE\DianGan;.\HARDWORE\FusionAngle;.\HARDWORE\BianMaQi;.\HARDWOR
                    -E\ShangWeiJi;.\HARDWORE;.\HARDWORE\Balance;.\KaErMan) DEBUG PRINT(.\Out_File\zf_delay.lst) TABS(2) OBJECT(.\Out_File\zf_
                    -delay.obj)

line level    source

   1          /*********************************************************************************************************
             -************
   2           * COPYRIGHT NOTICE
   3           * Copyright (c) 2020,逐飞科技
   4           * All rights reserved.
   5           * 技术讨论QQ群：一群：179029047(已满)  二群：244861897(已满)  三群：824575535
   6           *
   7           * 以下所有内容版权均属逐飞科技所有，未经允许不得用于商业用途，
   8           * 欢迎各位使用并传播本程序，修改内容时必须保留逐飞科技的版权声明。
   9           *
  10           * @file          delay
  11           * @company       成都逐飞科技有限公司
  12           * @author        逐飞科技(QQ790875685)
  13           * @version       查看doc内version文件 版本说明
  14           * @Software    MDK FOR C51 V9.60
  15           * @Target core   STC8H8K64S4
  16           * @Taobao      https://seekfree.taobao.com/
  17           * @date          2020-4-14
  18           *********************************************************************************************************
             -***********/
  19          
  20          
  21          #include "zf_delay.h"
  22          #include "board.h"
  23          #include "intrins.h"
  24          
  25          vuint16 zf_delay_ms = 0;
  26          vuint16 zf_delay_us = 0;
  27          
  28          //--------------------------------------------------------------------------------------------------------
             ------------
  29          //  @brief      软件延时函数初始化
  30          //  @param      NULL         
  31          //  @return     void
  32          //  Sample usage:               无需用户调用，用户请使用h文件中的宏定义
  33          //--------------------------------------------------------------------------------------------------------
             ------------
  34          void delay_init(void)
  35          {
  36   1        zf_delay_ms = sys_clk / 10000;
  37   1        zf_delay_us = sys_clk / 1000000 - 2;
  38   1        if(sys_clk <= 12000000) zf_delay_us++;
  39   1      
  40   1      }
  41          //--------------------------------------------------------------------------------------------------------
             ------------
  42          //  @brief      软件延时函数
  43          //  @param      x             需要延时的时间（ms）
  44          //  @return     void
  45          //  Sample usage:               无需用户调用，用户请使用h文件中的宏定义
  46          //--------------------------------------------------------------------------------------------------------
C51 COMPILER V9.57.0.0   ZF_DELAY                                                          04/28/2021 20:58:25 PAGE 2   

             ------------
  47          void delay_ms(uint16 ms)
  48          {
  49   1        uint16 i;
  50   1        do {
  51   2            i = zf_delay_ms;
  52   2            while(--i);
  53   2           }while(--ms);
  54   1      
  55   1      }
  56          //--------------------------------------------------------------------------------------------------------
             ------------
  57          //  @brief      软件延时函数(这是一个不准确的延时)
  58          //  @param      x             需要延时的时间（us）
  59          //  @return     void
  60          //  Sample usage:               无需用户调用，用户请使用h文件中的宏定义
  61          //--------------------------------------------------------------------------------------------------------
             ------------
  62          void delay_us(uint32 us)
  63          {
  64   1        P_SW2 |= 0x80; // 访问扩展寄存器 xsfr
  65   1        MD1U16 = us; //dat1 用户给定
  66   1        MD5U16 = zf_delay_us; //dat2 用户给定
  67   1        ARCON = 4 << 5; //16 位 *16 位 , 乘法模式
  68   1        OPCON = 1; // 启动计算
  69   1        while((OPCON & 1) != 0); // 等待计算完成
  70   1        ARCON = (1 << 5) + 6; //32 位左移模式
  71   1        OPCON = 1; // 启动计算
  72   1        while((OPCON & 1) != 0); // 等待计算完成
  73   1        us = MD3U32; //32 位结果
  74   1        
  75   1        while(us--);
  76   1      }


MODULE INFORMATION:   STATIC OVERLAYABLE
   CODE SIZE        =    251    ----
   CONSTANT SIZE    =   ----    ----
   XDATA SIZE       =      4       4
   PDATA SIZE       =   ----    ----
   DATA SIZE        =   ----    ----
   IDATA SIZE       =   ----    ----
   BIT SIZE         =   ----    ----
   EDATA SIZE       =   ----    ----
   HDATA SIZE       =   ----    ----
   XDATA CONST SIZE =   ----    ----
   FAR CONST SIZE   =   ----    ----
END OF MODULE INFORMATION.


C51 COMPILATION COMPLETE.  0 WARNING(S),  0 ERROR(S)
